[ 2016-10-20T10:56:35+08:00 ] 42.120.75.3 /weixin/Public/js/common.js?v=20150101
INFO: [ app_init ] --START--
INFO: Run Behavior\BuildLiteBehavior [ RunTime:0.000021s ]
INFO: [ app_init ] --END-- [ RunTime:0.000112s ]
ERR: 无法加载模块:Public

[ 2016-10-20T10:56:35+08:00 ] 42.120.75.3 /weixin/Public/js/function.js
INFO: [ app_init ] --START--
INFO: Run Behavior\BuildLiteBehavior [ RunTime:0.000010s ]
INFO: [ app_init ] --END-- [ RunTime:0.000066s ]
ERR: 无法加载模块:Public

[ 2016-10-20T10:56:35+08:00 ] 42.120.75.3 /weixin/Public/VipCenter//VipInfoShow.js
INFO: [ app_init ] --START--
INFO: Run Behavior\BuildLiteBehavior [ RunTime:0.000014s ]
INFO: [ app_init ] --END-- [ RunTime:0.000086s ]
ERR: 无法加载模块:Public

[ 2016-10-20T10:57:08+08:00 ] 42.120.75.3 /weixin/Public/js/common.js?v=20150101
INFO: [ app_init ] --START--
INFO: Run Behavior\BuildLiteBehavior [ RunTime:0.000015s ]
INFO: [ app_init ] --END-- [ RunTime:0.000087s ]
ERR: 无法加载模块:Public

[ 2016-10-20T10:57:08+08:00 ] 42.120.75.3 /weixin/Public/js/function.js
INFO: [ app_init ] --START--
INFO: Run Behavior\BuildLiteBehavior [ RunTime:0.000019s ]
INFO: [ app_init ] --END-- [ RunTime:0.000107s ]
ERR: 无法加载模块:Public

[ 2016-10-20T10:57:08+08:00 ] 42.120.75.3 /weixin/Public/VipCenter//VipInfoShow.js
INFO: [ app_init ] --START--
INFO: Run Behavior\BuildLiteBehavior [ RunTime:0.000016s ]
INFO: [ app_init ] --END-- [ RunTime:0.000099s ]
ERR: 无法加载模块:Public

[ 2016-10-20T10:58:49+08:00 ] 42.120.75.3 /weixin/Public/js/common.js?v=20150101
INFO: [ app_init ] --START--
INFO: Run Behavior\BuildLiteBehavior [ RunTime:0.000023s ]
INFO: [ app_init ] --END-- [ RunTime:0.000139s ]
ERR: 无法加载模块:Public

[ 2016-10-20T10:58:50+08:00 ] 42.120.75.3 /weixin/Public/js/function.js
INFO: [ app_init ] --START--
INFO: Run Behavior\BuildLiteBehavior [ RunTime:0.000016s ]
INFO: [ app_init ] --END-- [ RunTime:0.000142s ]
ERR: 无法加载模块:Public

[ 2016-10-20T10:58:50+08:00 ] 42.120.75.3 /weixin/Public/js/VipCenter//VipInfoShow.js
INFO: [ app_init ] --START--
INFO: Run Behavior\BuildLiteBehavior [ RunTime:0.000018s ]
INFO: [ app_init ] --END-- [ RunTime:0.000146s ]
ERR: 无法加载模块:Public

[ 2016-10-20T10:59:01+08:00 ] 42.120.75.3 /weixin/Public/js/common.js?v=20150101
INFO: [ app_init ] --START--
INFO: Run Behavior\BuildLiteBehavior [ RunTime:0.000014s ]
INFO: [ app_init ] --END-- [ RunTime:0.000089s ]
ERR: 无法加载模块:Public

[ 2016-10-20T10:59:01+08:00 ] 42.120.75.3 /weixin/Public/js/VipCenter//VipInfoShow.js
INFO: [ app_init ] --START--
INFO: Run Behavior\BuildLiteBehavior [ RunTime:0.000015s ]
INFO: [ app_init ] --END-- [ RunTime:0.000091s ]
ERR: 无法加载模块:Public

[ 2016-10-20T10:59:01+08:00 ] 42.120.75.3 /weixin/Public/js/function.js
INFO: [ app_init ] --START--
INFO: Run Behavior\BuildLiteBehavior [ RunTime:0.000015s ]
INFO: [ app_init ] --END-- [ RunTime:0.000092s ]
ERR: 无法加载模块:Public

[ 2016-10-20T10:59:27+08:00 ] 42.120.75.4 /weixin/Public/js/common.js?v=20150101
INFO: [ app_init ] --START--
INFO: Run Behavior\BuildLiteBehavior [ RunTime:0.000014s ]
INFO: [ app_init ] --END-- [ RunTime:0.000088s ]
ERR: 无法加载模块:Public

[ 2016-10-20T10:59:27+08:00 ] 42.120.75.4 /weixin/Public/js/function.js
INFO: [ app_init ] --START--
INFO: Run Behavior\BuildLiteBehavior [ RunTime:0.000014s ]
INFO: [ app_init ] --END-- [ RunTime:0.000090s ]
ERR: 无法加载模块:Public

[ 2016-10-20T10:59:27+08:00 ] 42.120.75.4 /weixin/Public/js/VipCenter/VipInfoShow.js
INFO: [ app_init ] --START--
INFO: Run Behavior\BuildLiteBehavior [ RunTime:0.000010s ]
INFO: [ app_init ] --END-- [ RunTime:0.000061s ]
ERR: 无法加载模块:Public

[ 2016-10-20T10:59:38+08:00 ] 42.120.75.4 /weixin/Public/js/common.js?v=20150101
INFO: [ app_init ] --START--
INFO: Run Behavior\BuildLiteBehavior [ RunTime:0.000014s ]
INFO: [ app_init ] --END-- [ RunTime:0.000088s ]
ERR: 无法加载模块:Public

[ 2016-10-20T10:59:38+08:00 ] 42.120.75.4 /weixin/Public/js/VipCenter/VipInfoShow.js
INFO: [ app_init ] --START--
INFO: Run Behavior\BuildLiteBehavior [ RunTime:0.000014s ]
INFO: [ app_init ] --END-- [ RunTime:0.000090s ]
ERR: 无法加载模块:Public

[ 2016-10-20T10:59:38+08:00 ] 42.120.75.4 /weixin/Public/js/function.js
INFO: [ app_init ] --START--
INFO: Run Behavior\BuildLiteBehavior [ RunTime:0.000019s ]
INFO: [ app_init ] --END-- [ RunTime:0.000119s ]
ERR: 无法加载模块:Public

[ 2016-10-20T15:01:23+08:00 ] 42.120.75.2 /weixin/Public/js/VipCenter/_meishi_wei_html5_v3.2.9.js
INFO: [ app_init ] --START--
INFO: Run Behavior\BuildLiteBehavior [ RunTime:0.000019s ]
INFO: [ app_init ] --END-- [ RunTime:0.000120s ]
ERR: 无法加载模块:Public

[ 2016-10-20T15:02:05+08:00 ] 42.120.75.2 /weixin/Public/js/VipCenter/_meishi_wei_html5_v3.2.9.js
INFO: [ app_init ] --START--
INFO: Run Behavior\BuildLiteBehavior [ RunTime:0.000014s ]
INFO: [ app_init ] --END-- [ RunTime:0.000088s ]
ERR: 无法加载模块:Public

[ 2016-10-20T15:03:00+08:00 ] 42.120.75.2 /weixin/Public/js/VipCenter/_meishi_wei_html5_v3.2.9.js
INFO: [ app_init ] --START--
INFO: Run Behavior\BuildLiteBehavior [ RunTime:0.000014s ]
INFO: [ app_init ] --END-- [ RunTime:0.000085s ]
ERR: 无法加载模块:Public

[ 2016-10-20T15:03:33+08:00 ] 42.120.75.2 /weixin/Public/js/VipCenter/_meishi_wei_html5_v3.2.9.js
INFO: [ app_init ] --START--
INFO: Run Behavior\BuildLiteBehavior [ RunTime:0.000019s ]
INFO: [ app_init ] --END-- [ RunTime:0.000115s ]
ERR: 无法加载模块:Public

[ 2016-10-20T15:07:15+08:00 ] 42.120.75.3 /weixin/Public/js/VipCenter/_meishi_wei_html5_v3.2.9.js
INFO: [ app_init ] --START--
INFO: Run Behavior\BuildLiteBehavior [ RunTime:0.000013s ]
INFO: [ app_init ] --END-- [ RunTime:0.000088s ]
ERR: 无法加载模块:Public

[ 2016-10-20T15:09:09+08:00 ] 42.120.75.3 /weixin/Public/js/VipCenter/_meishi_wei_html5_v3.2.9.js
INFO: [ app_init ] --START--
INFO: Run Behavior\BuildLiteBehavior [ RunTime:0.000015s ]
INFO: [ app_init ] --END-- [ RunTime:0.000088s ]
ERR: 无法加载模块:Public

[ 2016-10-20T15:10:42+08:00 ] 42.120.75.4 /weixin/Public/js/VipCenter/_meishi_wei_html5_v3.2.9.js
INFO: [ app_init ] --START--
INFO: Run Behavior\BuildLiteBehavior [ RunTime:0.000016s ]
INFO: [ app_init ] --END-- [ RunTime:0.000102s ]
ERR: 无法加载模块:Public

[ 2016-10-20T15:11:50+08:00 ] 42.120.75.4 /weixin/Public/js/VipCenter/_meishi_wei_html5_v3.2.9.js
INFO: [ app_init ] --START--
INFO: Run Behavior\BuildLiteBehavior [ RunTime:0.000015s ]
INFO: [ app_init ] --END-- [ RunTime:0.000086s ]
ERR: 无法加载模块:Public

[ 2016-10-20T15:11:58+08:00 ] 42.120.75.4 /weixin/Public/js/VipCenter/_meishi_wei_html5_v3.2.9.js
INFO: [ app_init ] --START--
INFO: Run Behavior\BuildLiteBehavior [ RunTime:0.000023s ]
INFO: [ app_init ] --END-- [ RunTime:0.000141s ]
ERR: 无法加载模块:Public

[ 2016-10-20T15:13:42+08:00 ] 42.120.75.4 /weixin/Public/js/VipCenter/_meishi_wei_html5_v3.2.9.js
INFO: [ app_init ] --START--
INFO: Run Behavior\BuildLiteBehavior [ RunTime:0.000015s ]
INFO: [ app_init ] --END-- [ RunTime:0.000092s ]
ERR: 无法加载模块:Public

[ 2016-10-20T15:14:08+08:00 ] 42.120.75.4 /weixin/Public/js/VipCenter/_meishi_wei_html5_v3.2.9.js
INFO: [ app_init ] --START--
INFO: Run Behavior\BuildLiteBehavior [ RunTime:0.000015s ]
INFO: [ app_init ] --END-- [ RunTime:0.000094s ]
ERR: 无法加载模块:Public

[ 2016-10-20T15:22:40+08:00 ] 42.120.75.2 /weixin/Public/js/VipCenter/_meishi_wei_html5_v3.2.9.js
INFO: [ app_init ] --START--
INFO: Run Behavior\BuildLiteBehavior [ RunTime:0.000019s ]
INFO: [ app_init ] --END-- [ RunTime:0.000110s ]
ERR: 无法加载模块:Public

[ 2016-10-20T15:23:25+08:00 ] 42.120.75.2 /weixin/Public/js/VipCenter/_meishi_wei_html5_v3.2.9.js
INFO: [ app_init ] --START--
INFO: Run Behavior\BuildLiteBehavior [ RunTime:0.000013s ]
INFO: [ app_init ] --END-- [ RunTime:0.000085s ]
ERR: 无法加载模块:Public

[ 2016-10-20T15:23:56+08:00 ] 42.120.75.2 /weixin/Public/js/VipCenter/_meishi_wei_html5_v3.2.9.js
INFO: [ app_init ] --START--
INFO: Run Behavior\BuildLiteBehavior [ RunTime:0.000019s ]
INFO: [ app_init ] --END-- [ RunTime:0.000113s ]
ERR: 无法加载模块:Public

[ 2016-10-20T15:24:13+08:00 ] 42.120.75.2 /weixin/Public/js/VipCenter/_meishi_wei_html5_v3.2.9.js
INFO: [ app_init ] --START--
INFO: Run Behavior\BuildLiteBehavior [ RunTime:0.000014s ]
INFO: [ app_init ] --END-- [ RunTime:0.000087s ]
ERR: 无法加载模块:Public

[ 2016-10-20T15:24:44+08:00 ] 42.120.75.3 /weixin/Public/js/VipCenter/_meishi_wei_html5_v3.2.9.js
INFO: [ app_init ] --START--
INFO: Run Behavior\BuildLiteBehavior [ RunTime:0.000022s ]
INFO: [ app_init ] --END-- [ RunTime:0.000143s ]
ERR: 无法加载模块:Public

[ 2016-10-20T15:27:00+08:00 ] 42.120.75.3 /weixin/Public/js/VipCenter/_meishi_wei_html5_v3.2.9.js
INFO: [ app_init ] --START--
INFO: Run Behavior\BuildLiteBehavior [ RunTime:0.000014s ]
INFO: [ app_init ] --END-- [ RunTime:0.000090s ]
ERR: 无法加载模块:Public

[ 2016-10-20T15:27:16+08:00 ] 42.120.75.3 /weixin/Public/js/VipCenter/_meishi_wei_html5_v3.2.9.js
INFO: [ app_init ] --START--
INFO: Run Behavior\BuildLiteBehavior [ RunTime:0.000014s ]
INFO: [ app_init ] --END-- [ RunTime:0.000088s ]
ERR: 无法加载模块:Public

[ 2016-10-20T16:06:16+08:00 ] 42.120.75.5 /weixin/Public/img/VipCenter/icon_vipInfo.png
INFO: [ app_init ] --START--
INFO: Run Behavior\BuildLiteBehavior [ RunTime:0.000014s ]
INFO: [ app_init ] --END-- [ RunTime:0.000085s ]
ERR: 无法加载模块:Public

[ 2016-10-20T16:06:16+08:00 ] 42.120.75.5 /weixin/Public/img/VipCenter/icon_qiandao.png
INFO: [ app_init ] --START--
INFO: Run Behavior\BuildLiteBehavior [ RunTime:0.000010s ]
INFO: [ app_init ] --END-- [ RunTime:0.000063s ]
ERR: 无法加载模块:Public

[ 2016-10-20T16:06:16+08:00 ] 42.120.75.5 /weixin/Public/img/VipCenter/icon_fenxiang.png
INFO: [ app_init ] --START--
INFO: Run Behavior\BuildLiteBehavior [ RunTime:0.000014s ]
INFO: [ app_init ] --END-- [ RunTime:0.000088s ]
ERR: 无法加载模块:Public

[ 2016-10-20T16:06:16+08:00 ] 42.120.75.5 /weixin/Public/img/VipCenter/icon_paiming.png
INFO: [ app_init ] --START--
INFO: Run Behavior\BuildLiteBehavior [ RunTime:0.000014s ]
INFO: [ app_init ] --END-- [ RunTime:0.000085s ]
ERR: 无法加载模块:Public

[ 2016-10-20T16:06:16+08:00 ] 42.120.75.5 /weixin/Public/img/VipCenter/icon_shuoming.png
INFO: [ app_init ] --START--
INFO: Run Behavior\BuildLiteBehavior [ RunTime:0.000011s ]
INFO: [ app_init ] --END-- [ RunTime:0.000068s ]
ERR: 无法加载模块:Public

[ 2016-10-20T16:06:16+08:00 ] 42.120.75.5 /weixin/Public/img/VipCenter/vipCard.png
INFO: [ app_init ] --START--
INFO: Run Behavior\BuildLiteBehavior [ RunTime:0.000014s ]
INFO: [ app_init ] --END-- [ RunTime:0.000086s ]
ERR: 无法加载模块:Public

[ 2016-10-20T16:06:16+08:00 ] 42.120.75.5 /weixin/Public/img/VipCenter/4b.jpg
INFO: [ app_init ] --START--
INFO: Run Behavior\BuildLiteBehavior [ RunTime:0.000013s ]
INFO: [ app_init ] --END-- [ RunTime:0.000078s ]
ERR: 无法加载模块:Public

